Started GET "/" for 127.0.0.1 at 2018-11-26 14:42:10 +0300
  
ActiveRecord::PendingMigrationError (

Migrations are pending. To resolve this issue, run:

        bin/rails db:migrate RAILS_ENV=development

):
  
activerecord (5.2.1) lib/active_record/migration.rb:579:in `check_pending!'
activerecord (5.2.1) lib/active_record/migration.rb:556:in `call'
actionpack (5.2.1) lib/action_dispatch/middleware/callbacks.rb:28:in `block in call'
activesupport (5.2.1) lib/active_support/callbacks.rb:98:in `run_callbacks'
actionpack (5.2.1) lib/action_dispatch/middleware/callbacks.rb:26:in `call'
actionpack (5.2.1) lib/action_dispatch/middleware/executor.rb:14:in `call'
actionpack (5.2.1) lib/action_dispatch/middleware/debug_exceptions.rb:61:in `call'
web-console (3.7.0) lib/web_console/middleware.rb:135:in `call_app'
web-console (3.7.0) lib/web_console/middleware.rb:30:in `block in call'
web-console (3.7.0) lib/web_console/middleware.rb:20:in `catch'
web-console (3.7.0) lib/web_console/middleware.rb:20:in `call'
actionpack (5.2.1) lib/action_dispatch/middleware/show_exceptions.rb:33:in `call'
railties (5.2.1) lib/rails/rack/logger.rb:38:in `call_app'
railties (5.2.1) lib/rails/rack/logger.rb:26:in `block in call'
activesupport (5.2.1) lib/active_support/tagged_logging.rb:71:in `block in tagged'
activesupport (5.2.1) lib/active_support/tagged_logging.rb:28:in `tagged'
activesupport (5.2.1) lib/active_support/tagged_logging.rb:71:in `tagged'
railties (5.2.1) lib/rails/rack/logger.rb:26:in `call'
sprockets-rails (3.2.1) lib/sprockets/rails/quiet_assets.rb:13:in `call'
actionpack (5.2.1) lib/action_dispatch/middleware/remote_ip.rb:81:in `call'
actionpack (5.2.1) lib/action_dispatch/middleware/request_id.rb:27:in `call'
rack (2.0.6) lib/rack/method_override.rb:22:in `call'
rack (2.0.6) lib/rack/runtime.rb:22:in `call'
activesupport (5.2.1) lib/active_support/cache/strategy/local_cache_middleware.rb:29:in `call'
actionpack (5.2.1) lib/action_dispatch/middleware/executor.rb:14:in `call'
actionpack (5.2.1) lib/action_dispatch/middleware/static.rb:127:in `call'
rack (2.0.6) lib/rack/sendfile.rb:111:in `call'
railties (5.2.1) lib/rails/engine.rb:524:in `call'
puma (3.12.0) lib/puma/configuration.rb:225:in `call'
puma (3.12.0) lib/puma/server.rb:658:in `handle_request'
puma (3.12.0) lib/puma/server.rb:472:in `process_client'
puma (3.12.0) lib/puma/server.rb:332:in `block in run'
puma (3.12.0) lib/puma/thread_pool.rb:133:in `block in spawn_thread'
  [1m[35m (0.1ms)[0m  [1m[34mSELECT sqlite_version(*)[0m
  ↳ bin/rails:9
  [1m[35m (1.3ms)[0m  [1m[35mCREATE TABLE "schema_migrations" ("version" varchar NOT NULL PRIMARY KEY)[0m
  ↳ bin/rails:9
  [1m[35m (1.1ms)[0m  [1m[35mCREATE TABLE "ar_internal_metadata" ("key" varchar NOT NULL PRIMARY KEY, "value" varchar, "created_at" datetime NOT NULL, "updated_at" datetime NOT NULL)[0m
  ↳ bin/rails:9
  [1m[35m (0.3ms)[0m  [1m[34mSELECT "schema_migrations"."version" FROM "schema_migrations" ORDER BY "schema_migrations"."version" ASC[0m
  ↳ bin/rails:9
Migrating to CreatePages (20181126114125)
  [1m[35m (0.1ms)[0m  [1m[36mbegin transaction[0m
  ↳ bin/rails:9
  [1m[35m (0.6ms)[0m  [1m[35mCREATE TABLE "pages" ("id" integer PRIMARY KEY AUTOINCREMENT NOT NULL, "title" varchar, "content" text, "created_at" datetime NOT NULL, "updated_at" datetime NOT NULL)[0m
  ↳ db/migrate/20181126114125_create_pages.rb:3
  [1m[36mActiveRecord::SchemaMigration Create (0.2ms)[0m  [1m[32mINSERT INTO "schema_migrations" ("version") VALUES (?)[0m  [["version", "20181126114125"]]
  ↳ bin/rails:9
  [1m[35m (0.9ms)[0m  [1m[36mcommit transaction[0m
  ↳ bin/rails:9
  [1m[36mActiveRecord::InternalMetadata Load (0.2ms)[0m  [1m[34mSELECT  "ar_internal_metadata".* FROM "ar_internal_metadata" WHERE "ar_internal_metadata"."key" = ? LIMIT ?[0m  [["key", "environment"], ["LIMIT", 1]]
  ↳ bin/rails:9
  [1m[35m (0.1ms)[0m  [1m[36mbegin transaction[0m
  ↳ bin/rails:9
  [1m[36mActiveRecord::InternalMetadata Create (0.4ms)[0m  [1m[32mINSERT INTO "ar_internal_metadata" ("key", "value", "created_at", "updated_at") VALUES (?, ?, ?, ?)[0m  [["key", "environment"], ["value", "development"], ["created_at", "2018-11-26 11:42:24.817896"], ["updated_at", "2018-11-26 11:42:24.817896"]]
  ↳ bin/rails:9
  [1m[35m (0.9ms)[0m  [1m[36mcommit transaction[0m
  ↳ bin/rails:9
  [1m[35m (0.3ms)[0m  [1m[34mSELECT "schema_migrations"."version" FROM "schema_migrations" ORDER BY "schema_migrations"."version" ASC[0m
  ↳ bin/rails:9
Started GET "/" for 127.0.0.1 at 2018-11-26 14:42:30 +0300
  [1m[35m (0.1ms)[0m  [1m[34mSELECT "schema_migrations"."version" FROM "schema_migrations" ORDER BY "schema_migrations"."version" ASC[0m
  ↳ /Users/antonalmosov/.rvm/gems/ruby-2.5.1/gems/activerecord-5.2.1/lib/active_record/log_subscriber.rb:98
Processing by Rails::WelcomeController#index as HTML
  Rendering /Users/antonalmosov/.rvm/gems/ruby-2.5.1/gems/railties-5.2.1/lib/rails/templates/rails/welcome/index.html.erb
  Rendered /Users/antonalmosov/.rvm/gems/ruby-2.5.1/gems/railties-5.2.1/lib/rails/templates/rails/welcome/index.html.erb (3.1ms)
Completed 200 OK in 15ms (Views: 8.0ms | ActiveRecord: 0.0ms)


Started GET "/" for 127.0.0.1 at 2018-11-26 14:43:41 +0300
  
ArgumentError (Missing :controller key on routes definition, please check your routes.):
  
config/routes.rb:3:in `block in <main>'
config/routes.rb:1:in `<main>'
Started GET "/" for 127.0.0.1 at 2018-11-26 14:44:01 +0300
Processing by PagesController#index as HTML
  Rendering pages/index.html.erb within layouts/application
  [1m[36mPage Load (0.2ms)[0m  [1m[34mSELECT "pages".* FROM "pages"[0m
  ↳ app/views/pages/index.html.erb:15
  Rendered pages/index.html.erb within layouts/application (2.4ms)
Completed 200 OK in 728ms (Views: 722.0ms | ActiveRecord: 0.4ms)


Started GET "/pages/new" for 127.0.0.1 at 2018-11-26 14:44:03 +0300
Processing by PagesController#new as HTML
  Rendering pages/new.html.erb within layouts/application
  Rendered pages/_form.html.erb (27.6ms)
  Rendered pages/new.html.erb within layouts/application (32.0ms)
Completed 200 OK in 66ms (Views: 55.1ms | ActiveRecord: 0.7ms)


Started POST "/pages" for 127.0.0.1 at 2018-11-26 14:44:06 +0300
Processing by PagesController#create as HTML
  Parameters: {"utf8"=>"✓", "authenticity_token"=>"Ewo6jMXDTSaBcTomyoXXYtYohkUyAjRzuMG1xwecbzuBhk9bfEBZgoCUfrQMlbC/RK3P29yDAFlEDoBdKcAcAg==", "page"=>{"title"=>"1213", "content"=>"213123"}, "commit"=>"Create Page"}
  [1m[35m (0.1ms)[0m  [1m[36mbegin transaction[0m
  ↳ app/controllers/pages_controller.rb:30
  [1m[36mPage Create (0.4ms)[0m  [1m[32mINSERT INTO "pages" ("title", "content", "created_at", "updated_at") VALUES (?, ?, ?, ?)[0m  [["title", "1213"], ["content", "213123"], ["created_at", "2018-11-26 11:44:06.646319"], ["updated_at", "2018-11-26 11:44:06.646319"]]
  ↳ app/controllers/pages_controller.rb:30
  [1m[35m (1.0ms)[0m  [1m[36mcommit transaction[0m
  ↳ app/controllers/pages_controller.rb:30
Redirected to http://localhost:3000/pages/1
Completed 302 Found in 5ms (ActiveRecord: 1.5ms)


Started GET "/pages/1" for 127.0.0.1 at 2018-11-26 14:44:06 +0300
Processing by PagesController#show as HTML
  Parameters: {"id"=>"1"}
  [1m[36mPage Load (0.2ms)[0m  [1m[34mSELECT  "pages".* FROM "pages" WHERE "pages"."id" = ? LIMIT ?[0m  [["id", 1], ["LIMIT", 1]]
  ↳ app/controllers/pages_controller.rb:67
  Rendering pages/show.html.erb within layouts/application
  Rendered pages/show.html.erb within layouts/application (0.6ms)
Completed 200 OK in 24ms (Views: 17.7ms | ActiveRecord: 0.2ms)


Started GET "/pages/1/edit" for 127.0.0.1 at 2018-11-26 14:44:08 +0300
Processing by PagesController#edit as HTML
  Parameters: {"id"=>"1"}
  [1m[36mPage Load (0.2ms)[0m  [1m[34mSELECT  "pages".* FROM "pages" WHERE "pages"."id" = ? LIMIT ?[0m  [["id", 1], ["LIMIT", 1]]
  ↳ app/controllers/pages_controller.rb:67
  Rendering pages/edit.html.erb within layouts/application
  Rendered pages/_form.html.erb (3.1ms)
  Rendered pages/edit.html.erb within layouts/application (7.0ms)
Completed 200 OK in 37ms (Views: 31.8ms | ActiveRecord: 0.2ms)


Started PATCH "/pages/1" for 127.0.0.1 at 2018-11-26 14:44:09 +0300
Processing by PagesController#update as HTML
  Parameters: {"utf8"=>"✓", "authenticity_token"=>"gQYrLNZwbiusUVQA+nSVdTuj04X2bXjF4U/fQRkNdg5eOVReqAA8akJx5iMpW5201tMppDvO6cYdUFrYC1KD5Q==", "page"=>{"title"=>"1213", "content"=>"213123213213"}, "commit"=>"Update Page", "id"=>"1"}
  [1m[36mPage Load (0.2ms)[0m  [1m[34mSELECT  "pages".* FROM "pages" WHERE "pages"."id" = ? LIMIT ?[0m  [["id", 1], ["LIMIT", 1]]
  ↳ app/controllers/pages_controller.rb:67
  [1m[35m (0.1ms)[0m  [1m[36mbegin transaction[0m
  ↳ app/controllers/pages_controller.rb:44
  [1m[36mPage Update (0.4ms)[0m  [1m[33mUPDATE "pages" SET "content" = ?, "updated_at" = ? WHERE "pages"."id" = ?[0m  [["content", "213123213213"], ["updated_at", "2018-11-26 11:44:09.683928"], ["id", 1]]
  ↳ app/controllers/pages_controller.rb:44
  [1m[35m (1.0ms)[0m  [1m[36mcommit transaction[0m
  ↳ app/controllers/pages_controller.rb:44
Redirected to http://localhost:3000/pages/1
Completed 302 Found in 6ms (ActiveRecord: 1.6ms)


Started GET "/pages/1" for 127.0.0.1 at 2018-11-26 14:44:09 +0300
Processing by PagesController#show as HTML
  Parameters: {"id"=>"1"}
  [1m[36mPage Load (0.1ms)[0m  [1m[34mSELECT  "pages".* FROM "pages" WHERE "pages"."id" = ? LIMIT ?[0m  [["id", 1], ["LIMIT", 1]]
  ↳ app/controllers/pages_controller.rb:67
  Rendering pages/show.html.erb within layouts/application
  Rendered pages/show.html.erb within layouts/application (0.6ms)
Completed 200 OK in 23ms (Views: 19.5ms | ActiveRecord: 0.1ms)


Started GET "/pages" for 127.0.0.1 at 2018-11-26 14:44:10 +0300
Processing by PagesController#index as HTML
  Rendering pages/index.html.erb within layouts/application
  [1m[36mPage Load (0.3ms)[0m  [1m[34mSELECT "pages".* FROM "pages"[0m
  ↳ app/views/pages/index.html.erb:15
  Rendered pages/index.html.erb within layouts/application (2.2ms)
Completed 200 OK in 30ms (Views: 26.5ms | ActiveRecord: 0.3ms)


Started GET "/pages/1" for 127.0.0.1 at 2018-11-26 14:44:13 +0300
Processing by PagesController#show as HTML
  Parameters: {"id"=>"1"}
  [1m[36mPage Load (0.2ms)[0m  [1m[34mSELECT  "pages".* FROM "pages" WHERE "pages"."id" = ? LIMIT ?[0m  [["id", 1], ["LIMIT", 1]]
  ↳ app/controllers/pages_controller.rb:67
  Rendering pages/show.html.erb within layouts/application
  Rendered pages/show.html.erb within layouts/application (0.8ms)
Completed 200 OK in 32ms (Views: 28.2ms | ActiveRecord: 0.2ms)


Started GET "/pages" for 127.0.0.1 at 2018-11-26 14:44:14 +0300
Processing by PagesController#index as HTML
  Rendering pages/index.html.erb within layouts/application
  [1m[36mPage Load (0.3ms)[0m  [1m[34mSELECT "pages".* FROM "pages"[0m
  ↳ app/views/pages/index.html.erb:15
  Rendered pages/index.html.erb within layouts/application (2.7ms)
Completed 200 OK in 36ms (Views: 31.5ms | ActiveRecord: 0.3ms)


Started DELETE "/pages/1" for 127.0.0.1 at 2018-11-26 14:44:16 +0300
Processing by PagesController#destroy as HTML
  Parameters: {"authenticity_token"=>"ag4ZW02HDAdWqzfWR0DC9p+w0Y31WepI9xcLQUyYWowepV9UAwMYK5ofhFYEAOVUygvlzxgiBi5beUtzsvRJ1g==", "id"=>"1"}
  [1m[36mPage Load (0.1ms)[0m  [1m[34mSELECT  "pages".* FROM "pages" WHERE "pages"."id" = ? LIMIT ?[0m  [["id", 1], ["LIMIT", 1]]
  ↳ app/controllers/pages_controller.rb:67
  [1m[35m (0.0ms)[0m  [1m[36mbegin transaction[0m
  ↳ app/controllers/pages_controller.rb:57
  [1m[36mPage Destroy (0.3ms)[0m  [1m[31mDELETE FROM "pages" WHERE "pages"."id" = ?[0m  [["id", 1]]
  ↳ app/controllers/pages_controller.rb:57
  [1m[35m (5.9ms)[0m  [1m[36mcommit transaction[0m
  ↳ app/controllers/pages_controller.rb:57
Redirected to http://localhost:3000/pages
Completed 302 Found in 9ms (ActiveRecord: 6.4ms)


Started GET "/pages" for 127.0.0.1 at 2018-11-26 14:44:16 +0300
Processing by PagesController#index as HTML
  Rendering pages/index.html.erb within layouts/application
  [1m[36mPage Load (0.2ms)[0m  [1m[34mSELECT "pages".* FROM "pages"[0m
  ↳ app/views/pages/index.html.erb:15
  Rendered pages/index.html.erb within layouts/application (1.9ms)
Completed 200 OK in 34ms (Views: 31.5ms | ActiveRecord: 0.2ms)


Started GET "/" for 127.0.0.1 at 2018-11-26 14:46:30 +0300
Processing by PagesController#index as HTML
  Rendering pages/index.html.erb within layouts/application
  [1m[36mPage Load (0.2ms)[0m  [1m[34mSELECT "pages".* FROM "pages"[0m
  ↳ app/views/pages/index.html.erb:15
  Rendered pages/index.html.erb within layouts/application (1.2ms)
Completed 200 OK in 22ms (Views: 19.2ms | ActiveRecord: 0.2ms)


Started GET "/" for 127.0.0.1 at 2018-11-26 14:54:16 +0300
  [1m[35m (0.1ms)[0m  [1m[34mSELECT "schema_migrations"."version" FROM "schema_migrations" ORDER BY "schema_migrations"."version" ASC[0m
  ↳ /Users/antonalmosov/.rvm/gems/ruby-2.5.1/gems/activerecord-5.2.1/lib/active_record/log_subscriber.rb:98
  
ActiveRecord::PendingMigrationError (

Migrations are pending. To resolve this issue, run:

        bin/rails db:migrate RAILS_ENV=development

):
  
activerecord (5.2.1) lib/active_record/migration.rb:579:in `check_pending!'
activerecord (5.2.1) lib/active_record/migration.rb:556:in `call'
actionpack (5.2.1) lib/action_dispatch/middleware/callbacks.rb:28:in `block in call'
activesupport (5.2.1) lib/active_support/callbacks.rb:98:in `run_callbacks'
actionpack (5.2.1) lib/action_dispatch/middleware/callbacks.rb:26:in `call'
actionpack (5.2.1) lib/action_dispatch/middleware/executor.rb:14:in `call'
actionpack (5.2.1) lib/action_dispatch/middleware/debug_exceptions.rb:61:in `call'
web-console (3.7.0) lib/web_console/middleware.rb:135:in `call_app'
web-console (3.7.0) lib/web_console/middleware.rb:30:in `block in call'
web-console (3.7.0) lib/web_console/middleware.rb:20:in `catch'
web-console (3.7.0) lib/web_console/middleware.rb:20:in `call'
actionpack (5.2.1) lib/action_dispatch/middleware/show_exceptions.rb:33:in `call'
railties (5.2.1) lib/rails/rack/logger.rb:38:in `call_app'
railties (5.2.1) lib/rails/rack/logger.rb:26:in `block in call'
activesupport (5.2.1) lib/active_support/tagged_logging.rb:71:in `block in tagged'
activesupport (5.2.1) lib/active_support/tagged_logging.rb:28:in `tagged'
activesupport (5.2.1) lib/active_support/tagged_logging.rb:71:in `tagged'
railties (5.2.1) lib/rails/rack/logger.rb:26:in `call'
sprockets-rails (3.2.1) lib/sprockets/rails/quiet_assets.rb:13:in `call'
actionpack (5.2.1) lib/action_dispatch/middleware/remote_ip.rb:81:in `call'
actionpack (5.2.1) lib/action_dispatch/middleware/request_id.rb:27:in `call'
rack (2.0.6) lib/rack/method_override.rb:22:in `call'
rack (2.0.6) lib/rack/runtime.rb:22:in `call'
activesupport (5.2.1) lib/active_support/cache/strategy/local_cache_middleware.rb:29:in `call'
actionpack (5.2.1) lib/action_dispatch/middleware/executor.rb:14:in `call'
actionpack (5.2.1) lib/action_dispatch/middleware/static.rb:127:in `call'
rack (2.0.6) lib/rack/sendfile.rb:111:in `call'
railties (5.2.1) lib/rails/engine.rb:524:in `call'
puma (3.12.0) lib/puma/configuration.rb:225:in `call'
puma (3.12.0) lib/puma/server.rb:658:in `handle_request'
puma (3.12.0) lib/puma/server.rb:472:in `process_client'
puma (3.12.0) lib/puma/server.rb:332:in `block in run'
puma (3.12.0) lib/puma/thread_pool.rb:133:in `block in spawn_thread'
  [1m[35m (0.2ms)[0m  [1m[34mSELECT "schema_migrations"."version" FROM "schema_migrations" ORDER BY "schema_migrations"."version" ASC[0m
  ↳ bin/rails:9
Migrating to CreateComments (20181126115317)
  [1m[35m (0.1ms)[0m  [1m[36mbegin transaction[0m
  ↳ bin/rails:9
  [1m[35m (0.1ms)[0m  [1m[34mSELECT sqlite_version(*)[0m
  ↳ db/migrate/20181126115317_create_comments.rb:3
  [1m[35m (0.4ms)[0m  [1m[35mCREATE TABLE "comments" ("id" integer PRIMARY KEY AUTOINCREMENT NOT NULL, "rating" integer, "content" text, "created_at" datetime NOT NULL, "updated_at" datetime NOT NULL)[0m
  ↳ db/migrate/20181126115317_create_comments.rb:3
  [1m[36mActiveRecord::SchemaMigration Create (0.2ms)[0m  [1m[32mINSERT INTO "schema_migrations" ("version") VALUES (?)[0m  [["version", "20181126115317"]]
  ↳ bin/rails:9
  [1m[35m (1.0ms)[0m  [1m[36mcommit transaction[0m
  ↳ bin/rails:9
Migrating to CreateUsers (20181126115358)
  [1m[35m (0.1ms)[0m  [1m[36mbegin transaction[0m
  ↳ bin/rails:9
  [1m[35m (0.4ms)[0m  [1m[35mCREATE TABLE "users" ("id" integer PRIMARY KEY AUTOINCREMENT NOT NULL, "user_id" integer, "username" varchar, "created_at" datetime NOT NULL, "updated_at" datetime NOT NULL)[0m
  ↳ db/migrate/20181126115358_create_users.rb:3
  [1m[36mActiveRecord::SchemaMigration Create (0.2ms)[0m  [1m[32mINSERT INTO "schema_migrations" ("version") VALUES (?)[0m  [["version", "20181126115358"]]
  ↳ bin/rails:9
  [1m[35m (0.9ms)[0m  [1m[36mcommit transaction[0m
  ↳ bin/rails:9
  [1m[36mActiveRecord::InternalMetadata Load (0.1ms)[0m  [1m[34mSELECT  "ar_internal_metadata".* FROM "ar_internal_metadata" WHERE "ar_internal_metadata"."key" = ? LIMIT ?[0m  [["key", "environment"], ["LIMIT", 1]]
  ↳ bin/rails:9
  [1m[35m (0.0ms)[0m  [1m[36mbegin transaction[0m
  ↳ bin/rails:9
  [1m[35m (0.0ms)[0m  [1m[36mcommit transaction[0m
  ↳ bin/rails:9
  [1m[35m (0.1ms)[0m  [1m[34mSELECT "schema_migrations"."version" FROM "schema_migrations" ORDER BY "schema_migrations"."version" ASC[0m
  ↳ bin/rails:9
Started GET "/" for 127.0.0.1 at 2018-11-26 14:54:33 +0300
  [1m[35m (0.2ms)[0m  [1m[34mSELECT "schema_migrations"."version" FROM "schema_migrations" ORDER BY "schema_migrations"."version" ASC[0m
  ↳ /Users/antonalmosov/.rvm/gems/ruby-2.5.1/gems/activerecord-5.2.1/lib/active_record/log_subscriber.rb:98
Processing by PagesController#index as HTML
  Rendering pages/index.html.erb within layouts/application
  [1m[36mPage Load (0.2ms)[0m  [1m[34mSELECT "pages".* FROM "pages"[0m
  ↳ app/views/pages/index.html.erb:15
  Rendered pages/index.html.erb within layouts/application (2.1ms)
Completed 200 OK in 79ms (Views: 74.3ms | ActiveRecord: 0.4ms)


Started GET "/" for 127.0.0.1 at 2018-11-26 14:55:09 +0300
Processing by PagesController#index as HTML
  Rendering pages/index.html.erb within layouts/application
  [1m[36mPage Load (0.2ms)[0m  [1m[34mSELECT "pages".* FROM "pages"[0m
  ↳ app/views/pages/index.html.erb:15
  Rendered pages/index.html.erb within layouts/application (1.6ms)
  Rendered layouts/navigation/_menulinks.html.erb (1.0ms)
  Rendered layouts/navigation/_signup.html.erb (0.4ms)
  Rendered layouts/_navigation.html.erb (6.8ms)
Completed 200 OK in 44ms (Views: 40.5ms | ActiveRecord: 0.2ms)


Started GET "/" for 127.0.0.1 at 2018-11-26 14:55:11 +0300
Processing by PagesController#index as HTML
  Rendering pages/index.html.erb within layouts/application
  [1m[36mPage Load (0.1ms)[0m  [1m[34mSELECT "pages".* FROM "pages"[0m
  ↳ app/views/pages/index.html.erb:15
  Rendered pages/index.html.erb within layouts/application (1.3ms)
  Rendered layouts/navigation/_menulinks.html.erb (0.3ms)
  Rendered layouts/navigation/_signup.html.erb (0.1ms)
  Rendered layouts/_navigation.html.erb (4.0ms)
Completed 200 OK in 35ms (Views: 33.0ms | ActiveRecord: 0.1ms)


Started GET "/" for 127.0.0.1 at 2018-11-26 14:56:08 +0300
Processing by PagesController#index as HTML
  Rendering pages/index.html.erb within layouts/application
  [1m[36mPage Load (0.2ms)[0m  [1m[34mSELECT "pages".* FROM "pages"[0m
  ↳ app/views/pages/index.html.erb:15
  Rendered pages/index.html.erb within layouts/application (1.2ms)
  Rendered layouts/navigation/_menulinks.html.erb (0.4ms)
  Rendered layouts/navigation/_signup.html.erb (0.2ms)
  Rendered layouts/_navigation.html.erb (4.3ms)
Completed 200 OK in 31ms (Views: 28.4ms | ActiveRecord: 0.2ms)


Started GET "/" for 127.0.0.1 at 2018-11-26 14:56:41 +0300
Processing by PagesController#index as HTML
  Rendering pages/index.html.erb within layouts/application
  [1m[36mPage Load (0.2ms)[0m  [1m[34mSELECT "pages".* FROM "pages"[0m
  ↳ app/views/pages/index.html.erb:15
  Rendered pages/index.html.erb within layouts/application (1.2ms)
Completed 500 Internal Server Error in 31ms (ActiveRecord: 0.2ms)


  
ActionView::Template::Error (Missing partial pages/_navigation, application/_navigation with {:locale=>[:en], :formats=>[:html], :variants=>[], :handlers=>[:raw, :erb, :html, :builder, :ruby, :coffee, :jbuilder]}. Searched in:
  * "/Users/antonalmosov/Desktop/railsServer/testPlayground/app/views"
):
    10:   </head>
    11: 
    12:   <body>
    13:     <% render "navigation" %>
    14:     <%= yield %>
    15:   </body>
    16: </html>
  
app/views/layouts/application.html.erb:13:in `_app_views_layouts_application_html_erb___4393601503948190054_70259299810860'
Started GET "/" for 127.0.0.1 at 2018-11-26 14:57:33 +0300
Processing by PagesController#index as HTML
  Rendering pages/index.html.erb within layouts/application
  [1m[36mPage Load (0.2ms)[0m  [1m[34mSELECT "pages".* FROM "pages"[0m
  ↳ app/views/pages/index.html.erb:15
  Rendered pages/index.html.erb within layouts/application (1.1ms)
  Rendered layouts/navigation/_menulinks.html.erb (0.4ms)
  Rendered layouts/navigation/_signup.html.erb (0.2ms)
  Rendered layouts/_navigation.html.erb (4.5ms)
Completed 200 OK in 37ms (Views: 34.5ms | ActiveRecord: 0.2ms)


Started GET "/" for 127.0.0.1 at 2018-11-26 14:58:00 +0300
Processing by PagesController#index as HTML
  Rendering pages/index.html.erb within layouts/application
  [1m[36mPage Load (0.2ms)[0m  [1m[34mSELECT "pages".* FROM "pages"[0m
  ↳ app/views/pages/index.html.erb:15
  Rendered pages/index.html.erb within layouts/application (1.4ms)
  Rendered layouts/navigation/_menulinks.html.erb (0.5ms)
Completed 200 OK in 38ms (Views: 35.1ms | ActiveRecord: 0.2ms)


Started GET "/" for 127.0.0.1 at 2018-11-26 14:58:07 +0300
Processing by PagesController#index as HTML
  Rendering pages/index.html.erb within layouts/application
  [1m[36mPage Load (0.2ms)[0m  [1m[34mSELECT "pages".* FROM "pages"[0m
  ↳ app/views/pages/index.html.erb:15
  Rendered pages/index.html.erb within layouts/application (1.2ms)
  Rendered layouts/navigation/_signup.html.erb (0.3ms)
Completed 200 OK in 34ms (Views: 30.8ms | ActiveRecord: 0.2ms)


Started GET "/" for 127.0.0.1 at 2018-11-26 14:58:59 +0300
Processing by PagesController#index as HTML
  Rendering pages/index.html.erb within layouts/application
  Rendered pages/_navigation.html.erb (4.3ms)
  Rendered pages/index.html.erb within layouts/application (7.3ms)
Completed 500 Internal Server Error in 15ms (ActiveRecord: 0.0ms)


  
ActionView::Template::Error (Missing partial layouts/navigation/_menulinks with {:locale=>[:en], :formats=>[:html], :variants=>[], :handlers=>[:raw, :erb, :html, :builder, :ruby, :coffee, :jbuilder]}. Searched in:
  * "/Users/antonalmosov/Desktop/railsServer/testPlayground/app/views"
):
    1: <div class="navWrapper">
    2:   <div class="nav">
    3:     <% render 'layouts/navigation/menulinks' %>
    4:     <% render 'layouts/navigation/signup' %>
    5:   </div>
    6: </div>
  
app/views/pages/_navigation.html.erb:3:in `_app_views_pages__navigation_html_erb__2912670242231031537_70259265069440'
app/views/pages/index.html.erb:1:in `_app_views_pages_index_html_erb___4505534955452406898_70259265103420'
Started GET "/" for 127.0.0.1 at 2018-11-26 14:59:13 +0300
Processing by PagesController#index as HTML
  Rendering pages/index.html.erb within layouts/application
  Rendered pages/navigation/_menulinks.html.erb (0.5ms)
  Rendered pages/navigation/_signup.html.erb (0.3ms)
  Rendered pages/_navigation.html.erb (5.6ms)
  [1m[36mPage Load (0.2ms)[0m  [1m[34mSELECT "pages".* FROM "pages"[0m
  ↳ app/views/pages/index.html.erb:17
  Rendered pages/index.html.erb within layouts/application (8.5ms)
Completed 200 OK in 47ms (Views: 44.9ms | ActiveRecord: 0.2ms)


Started GET "/" for 127.0.0.1 at 2018-11-26 14:59:34 +0300
Processing by PagesController#index as HTML
  Rendering pages/index.html.erb within layouts/application
  Rendered pages/navigation/_menulinks.html.erb (0.5ms)
  Rendered pages/navigation/_signup.html.erb (0.2ms)
  Rendered pages/_navigation.html.erb (5.0ms)
  [1m[36mPage Load (0.2ms)[0m  [1m[34mSELECT "pages".* FROM "pages"[0m
  ↳ app/views/pages/index.html.erb:17
  Rendered pages/index.html.erb within layouts/application (13.4ms)
Completed 200 OK in 38ms (Views: 35.3ms | ActiveRecord: 0.2ms)


Started GET "/" for 127.0.0.1 at 2018-11-26 14:59:35 +0300
Processing by PagesController#index as HTML
  Rendering pages/index.html.erb within layouts/application
  Rendered pages/navigation/_menulinks.html.erb (0.5ms)
  Rendered pages/navigation/_signup.html.erb (0.3ms)
  Rendered pages/_navigation.html.erb (5.1ms)
  [1m[36mPage Load (0.2ms)[0m  [1m[34mSELECT "pages".* FROM "pages"[0m
  ↳ app/views/pages/index.html.erb:17
  Rendered pages/index.html.erb within layouts/application (8.5ms)
Completed 200 OK in 43ms (Views: 40.7ms | ActiveRecord: 0.2ms)


Started GET "/" for 127.0.0.1 at 2018-11-26 15:00:07 +0300
Processing by PagesController#index as HTML
  Rendering pages/index.html.erb within layouts/application
  Rendered pages/navigation/_menulinks.html.erb (0.6ms)
  Rendered pages/navigation/_signup.html.erb (0.3ms)
  Rendered pages/navigation/_navigation.html.erb (5.9ms)
  [1m[36mPage Load (0.2ms)[0m  [1m[34mSELECT "pages".* FROM "pages"[0m
  ↳ app/views/pages/index.html.erb:17
  Rendered pages/index.html.erb within layouts/application (9.2ms)
Completed 200 OK in 33ms (Views: 30.4ms | ActiveRecord: 0.2ms)


Started GET "/" for 127.0.0.1 at 2018-11-26 15:00:20 +0300
  [1m[35m (0.2ms)[0m  [1m[34mSELECT "schema_migrations"."version" FROM "schema_migrations" ORDER BY "schema_migrations"."version" ASC[0m
  ↳ /Users/antonalmosov/.rvm/gems/ruby-2.5.1/gems/activerecord-5.2.1/lib/active_record/log_subscriber.rb:98
Processing by PagesController#index as HTML
  Rendering pages/index.html.erb within layouts/application
  Rendered pages/navigation/_menulinks.html.erb (0.8ms)
  Rendered pages/navigation/_signup.html.erb (0.3ms)
  Rendered pages/navigation/_navigation.html.erb (4.8ms)
  [1m[36mPage Load (0.2ms)[0m  [1m[34mSELECT "pages".* FROM "pages"[0m
  ↳ app/views/pages/index.html.erb:17
  Rendered pages/index.html.erb within layouts/application (9.8ms)
Completed 200 OK in 240ms (Views: 226.2ms | ActiveRecord: 0.5ms)


